#! /usr/bin/vvp
:ivl_version "11.0 (stable)";
:ivl_delay_selection "TYPICAL";
:vpi_time_precision - 12;
:vpi_module "/usr/lib/x86_64-linux-gnu/ivl/system.vpi";
:vpi_module "/usr/lib/x86_64-linux-gnu/ivl/vhdl_sys.vpi";
:vpi_module "/usr/lib/x86_64-linux-gnu/ivl/vhdl_textio.vpi";
:vpi_module "/usr/lib/x86_64-linux-gnu/ivl/v2005_math.vpi";
:vpi_module "/usr/lib/x86_64-linux-gnu/ivl/va_math.vpi";
S_0x5da9f6169810 .scope module, "tb_sync_fifo" "tb_sync_fifo" 2 2;
 .timescale -9 -12;
P_0x5da9f615d910 .param/l "S_DONE" 1 2 61, C4<10>;
P_0x5da9f615d950 .param/l "S_IDLE" 1 2 59, C4<00>;
P_0x5da9f615d990 .param/l "S_RUN" 1 2 60, C4<01>;
L_0x5da9f616a230 .functor AND 1, v0x5da9f61ad5a0_0, L_0x5da9f61be710, C4<1>, C4<1>;
L_0x5da9f6189fc0 .functor AND 1, L_0x5da9f61be7c0, v0x5da9f61ace20_0, C4<1>, C4<1>;
L_0x5da9f618a730 .functor AND 1, L_0x5da9f61bd7a0, L_0x5da9f616a230, C4<1>, C4<1>;
L_0x5da9f618ad70 .functor BUFZ 32, v0x5da9f61aca40_0, C4<00000000000000000000000000000000>, C4<00000000000000000000000000000000>, C4<00000000000000000000000000000000>;
L_0x5da9f618c1e0 .functor AND 1, L_0x5da9f61bda30, L_0x5da9f6189fc0, C4<1>, C4<1>;
L_0x5da9f61be8c0 .functor NOT 1, v0x5da9f61ad320_0, C4<0>, C4<0>, C4<0>;
L_0x7767b9e6f060 .functor BUFT 1, C4<00000000000000000000000001100011>, C4<0>, C4<0>, C4<0>;
v0x5da9f61ac320_0 .net/2u *"_ivl_12", 31 0, L_0x7767b9e6f060;  1 drivers
v0x5da9f61ac420_0 .net *"_ivl_14", 0 0, L_0x5da9f61bda30;  1 drivers
L_0x7767b9e6f018 .functor BUFT 1, C4<00000000000000000000000001100011>, C4<0>, C4<0>, C4<0>;
v0x5da9f61ac4e0_0 .net/2u *"_ivl_4", 31 0, L_0x7767b9e6f018;  1 drivers
v0x5da9f61ac5a0_0 .net *"_ivl_6", 0 0, L_0x5da9f61bd7a0;  1 drivers
v0x5da9f61ac660_0 .var "c_i_state", 1 0;
v0x5da9f61ac740_0 .var "c_o_state", 1 0;
v0x5da9f61ac820_0 .var "clk", 0 0;
v0x5da9f61ac8c0_0 .var/i "fd", 31 0;
v0x5da9f61ac980_0 .net "i_hs", 0 0, L_0x5da9f616a230;  1 drivers
v0x5da9f61aca40_0 .var "i_hs_cnt", 31 0;
v0x5da9f61acb20_0 .var "i_run", 0 0;
v0x5da9f61acbe0_0 .net "is_i_done", 0 0, L_0x5da9f618a730;  1 drivers
v0x5da9f61acca0_0 .net "is_o_done", 0 0, L_0x5da9f618c1e0;  1 drivers
v0x5da9f61acd60_0 .net "m_data", 31 0, L_0x5da9f61bdef0;  1 drivers
v0x5da9f61ace20_0 .var "m_ready", 0 0;
v0x5da9f61acec0_0 .net "m_valid", 0 0, L_0x5da9f61be7c0;  1 drivers
v0x5da9f61acf60_0 .var "n_i_state", 1 0;
v0x5da9f61ad000_0 .var "n_o_state", 1 0;
v0x5da9f61ad0c0_0 .net "o_hs", 0 0, L_0x5da9f6189fc0;  1 drivers
v0x5da9f61ad180_0 .var "o_hs_cnt", 31 0;
v0x5da9f61ad260_0 .net "o_value", 0 0, L_0x5da9f61bdbc0;  1 drivers
v0x5da9f61ad320_0 .var "reset", 0 0;
v0x5da9f61ad3e0_0 .net "s_data", 31 0, L_0x5da9f618ad70;  1 drivers
v0x5da9f61ad4d0_0 .net "s_ready", 0 0, L_0x5da9f61be710;  1 drivers
v0x5da9f61ad5a0_0 .var "s_valid", 0 0;
E_0x5da9f616e270 .event posedge, v0x5da9f61ab040_0;
E_0x5da9f616e410 .event edge, v0x5da9f61ac740_0, v0x5da9f61acb20_0, v0x5da9f61acca0_0;
E_0x5da9f61569b0 .event edge, v0x5da9f61ac660_0, v0x5da9f61acb20_0, v0x5da9f61acbe0_0;
E_0x5da9f618cb60 .event edge, v0x5da9f61acca0_0;
L_0x5da9f61bd7a0 .cmp/eq 32, v0x5da9f61aca40_0, L_0x7767b9e6f018;
L_0x5da9f61bda30 .cmp/eq 32, v0x5da9f61ad180_0, L_0x7767b9e6f060;
L_0x5da9f61bdbc0 .part v0x5da9f61ad180_0, 0, 1;
S_0x5da9f615e7b0 .scope module, "u_sync_fifo" "sync_fifo" 2 177, 3 1 0, S_0x5da9f6169810;
 .timescale 0 0;
    .port_info 0 /INPUT 1 "clk";
    .port_info 1 /INPUT 1 "rstn";
    .port_info 2 /INPUT 1 "s_valid";
    .port_info 3 /OUTPUT 1 "s_ready";
    .port_info 4 /INPUT 32 "s_data";
    .port_info 5 /OUTPUT 1 "m_valid";
    .port_info 6 /INPUT 1 "m_ready";
    .port_info 7 /OUTPUT 32 "m_data";
P_0x5da9f615ec70 .param/l "DEPTH" 0 3 4, +C4<00000000000000000000000000000100>;
P_0x5da9f615ecb0 .param/l "LOG2DEPTH" 0 3 5, +C4<00000000000000000000000000000010>;
P_0x5da9f615ecf0 .param/l "SIZE" 0 3 3, +C4<00000000000000000000000000100000>;
L_0x5da9f618ca90 .functor AND 1, v0x5da9f61ad5a0_0, L_0x5da9f61be710, C4<1>, C4<1>;
L_0x5da9f6164800 .functor AND 1, L_0x5da9f61be7c0, v0x5da9f61ace20_0, C4<1>, C4<1>;
L_0x5da9f61bdef0 .functor BUFZ 32, L_0x5da9f61bdcb0, C4<00000000000000000000000000000000>, C4<00000000000000000000000000000000>, C4<00000000000000000000000000000000>;
L_0x5da9f61be250 .functor AND 1, L_0x5da9f61be000, L_0x5da9f61be0d0, C4<1>, C4<1>;
L_0x5da9f61be600 .functor AND 1, L_0x5da9f61be390, L_0x5da9f61be4d0, C4<1>, C4<1>;
L_0x5da9f61be710 .functor NOT 1, L_0x5da9f61be250, C4<0>, C4<0>, C4<0>;
L_0x5da9f61be7c0 .functor NOT 1, L_0x5da9f61be600, C4<0>, C4<0>, C4<0>;
v0x5da9f618a120_0 .net *"_ivl_12", 0 0, L_0x5da9f61be000;  1 drivers
v0x5da9f618a8d0_0 .net *"_ivl_14", 0 0, L_0x5da9f61be0d0;  1 drivers
v0x5da9f618ae90_0 .net *"_ivl_18", 0 0, L_0x5da9f61be390;  1 drivers
v0x5da9f618c340_0 .net *"_ivl_20", 0 0, L_0x5da9f61be4d0;  1 drivers
v0x5da9f618cc30_0 .net *"_ivl_4", 31 0, L_0x5da9f61bdcb0;  1 drivers
v0x5da9f6164920_0 .net *"_ivl_6", 3 0, L_0x5da9f61bdd80;  1 drivers
L_0x7767b9e6f0a8 .functor BUFT 1, C4<00>, C4<0>, C4<0>, C4<0>;
v0x5da9f61649c0_0 .net *"_ivl_9", 1 0, L_0x7767b9e6f0a8;  1 drivers
v0x5da9f61ab040_0 .net "clk", 0 0, v0x5da9f61ac820_0;  1 drivers
v0x5da9f61ab100_0 .net "empty", 0 0, L_0x5da9f61be600;  1 drivers
v0x5da9f61ab1c0 .array "fifo", 3 0, 31 0;
v0x5da9f61ab280_0 .net "full", 0 0, L_0x5da9f61be250;  1 drivers
v0x5da9f61ab340_0 .var/i "i", 31 0;
v0x5da9f61ab420_0 .net "m_data", 31 0, L_0x5da9f61bdef0;  alias, 1 drivers
v0x5da9f61ab500_0 .net "m_ready", 0 0, v0x5da9f61ace20_0;  1 drivers
v0x5da9f61ab5c0_0 .net "m_valid", 0 0, L_0x5da9f61be7c0;  alias, 1 drivers
v0x5da9f61ab680_0 .net "r_hs", 0 0, L_0x5da9f6164800;  1 drivers
v0x5da9f61ab740_0 .var "rptr", 1 0;
v0x5da9f61ab820_0 .var "rptr_nxt", 1 0;
v0x5da9f61ab900_0 .var "rptr_round", 1 0;
v0x5da9f61ab9e0_0 .var "rptr_round_nxt", 1 0;
v0x5da9f61abac0_0 .net "rstn", 0 0, L_0x5da9f61be8c0;  1 drivers
v0x5da9f61abb80_0 .net "s_data", 31 0, L_0x5da9f618ad70;  alias, 1 drivers
v0x5da9f61abc60_0 .net "s_ready", 0 0, L_0x5da9f61be710;  alias, 1 drivers
v0x5da9f61abd20_0 .net "s_valid", 0 0, v0x5da9f61ad5a0_0;  1 drivers
v0x5da9f61abde0_0 .net "w_hs", 0 0, L_0x5da9f618ca90;  1 drivers
v0x5da9f61abea0_0 .var "wptr", 1 0;
v0x5da9f61abf80_0 .var "wptr_nxt", 1 0;
v0x5da9f61ac060_0 .var "wptr_round", 1 0;
v0x5da9f61ac140_0 .var "wptr_round_nxt", 1 0;
E_0x5da9f618cba0 .event edge, v0x5da9f61ab740_0, v0x5da9f61ab900_0;
E_0x5da9f618d1c0/0 .event negedge, v0x5da9f61abac0_0;
E_0x5da9f618d1c0/1 .event posedge, v0x5da9f61ab040_0;
E_0x5da9f618d1c0 .event/or E_0x5da9f618d1c0/0, E_0x5da9f618d1c0/1;
E_0x5da9f6163160 .event edge, v0x5da9f61abea0_0, v0x5da9f61ac060_0;
L_0x5da9f61bdcb0 .array/port v0x5da9f61ab1c0, L_0x5da9f61bdd80;
L_0x5da9f61bdd80 .concat [ 2 2 0 0], v0x5da9f61ab740_0, L_0x7767b9e6f0a8;
L_0x5da9f61be000 .cmp/ne 2, v0x5da9f61ac060_0, v0x5da9f61ab900_0;
L_0x5da9f61be0d0 .cmp/eq 2, v0x5da9f61abea0_0, v0x5da9f61ab740_0;
L_0x5da9f61be390 .cmp/eq 2, v0x5da9f61ac060_0, v0x5da9f61ab900_0;
L_0x5da9f61be4d0 .cmp/eq 2, v0x5da9f61abea0_0, v0x5da9f61ab740_0;
    .scope S_0x5da9f615e7b0;
T_0 ;
    %wait E_0x5da9f618d1c0;
    %load/vec4 v0x5da9f61abac0_0;
    %inv;
    %flag_set/vec4 8;
    %jmp/0xz  T_0.0, 8;
    %pushi/vec4 0, 0, 32;
    %store/vec4 v0x5da9f61ab340_0, 0, 32;
T_0.2 ;
    %load/vec4 v0x5da9f61ab340_0;
    %cmpi/s 4, 0, 32;
    %jmp/0xz T_0.3, 5;
    %pushi/vec4 0, 0, 32;
    %ix/getv/s 3, v0x5da9f61ab340_0;
    %ix/load 4, 0, 0; Constant delay
    %assign/vec4/a/d v0x5da9f61ab1c0, 0, 4;
    %load/vec4 v0x5da9f61ab340_0;
    %addi 1, 0, 32;
    %store/vec4 v0x5da9f61ab340_0, 0, 32;
    %jmp T_0.2;
T_0.3 ;
    %pushi/vec4 0, 0, 2;
    %assign/vec4 v0x5da9f61abea0_0, 0;
    %pushi/vec4 0, 0, 2;
    %assign/vec4 v0x5da9f61ac060_0, 0;
    %jmp T_0.1;
T_0.0 ;
    %load/vec4 v0x5da9f61abde0_0;
    %flag_set/vec4 8;
    %jmp/0xz  T_0.4, 8;
    %load/vec4 v0x5da9f61abb80_0;
    %load/vec4 v0x5da9f61abea0_0;
    %pad/u 4;
    %ix/vec4 3;
    %ix/load 4, 0, 0; Constant delay
    %assign/vec4/a/d v0x5da9f61ab1c0, 0, 4;
    %load/vec4 v0x5da9f61abf80_0;
    %load/vec4 v0x5da9f61ac140_0;
    %concat/vec4; draw_concat_vec4
    %split/vec4 2;
    %assign/vec4 v0x5da9f61ac060_0, 0;
    %assign/vec4 v0x5da9f61abea0_0, 0;
T_0.4 ;
T_0.1 ;
    %jmp T_0;
    .thread T_0;
    .scope S_0x5da9f615e7b0;
T_1 ;
    %wait E_0x5da9f6163160;
    %load/vec4 v0x5da9f61abea0_0;
    %pad/u 32;
    %cmpi/e 3, 0, 32;
    %jmp/0xz  T_1.0, 4;
    %load/vec4 v0x5da9f61ac060_0;
    %inv;
    %store/vec4 v0x5da9f61ac140_0, 0, 2;
    %pushi/vec4 0, 0, 2;
    %store/vec4 v0x5da9f61abf80_0, 0, 2;
    %jmp T_1.1;
T_1.0 ;
    %load/vec4 v0x5da9f61ac060_0;
    %store/vec4 v0x5da9f61ac140_0, 0, 2;
    %load/vec4 v0x5da9f61abea0_0;
    %addi 1, 0, 2;
    %store/vec4 v0x5da9f61abf80_0, 0, 2;
T_1.1 ;
    %jmp T_1;
    .thread T_1, $push;
    .scope S_0x5da9f615e7b0;
T_2 ;
    %wait E_0x5da9f618d1c0;
    %load/vec4 v0x5da9f61abac0_0;
    %inv;
    %flag_set/vec4 8;
    %jmp/0xz  T_2.0, 8;
    %pushi/vec4 0, 0, 2;
    %assign/vec4 v0x5da9f61ab740_0, 0;
    %pushi/vec4 0, 0, 2;
    %assign/vec4 v0x5da9f61ab900_0, 0;
    %jmp T_2.1;
T_2.0 ;
    %load/vec4 v0x5da9f61ab680_0;
    %flag_set/vec4 8;
    %jmp/0xz  T_2.2, 8;
    %load/vec4 v0x5da9f61ab820_0;
    %load/vec4 v0x5da9f61ab9e0_0;
    %concat/vec4; draw_concat_vec4
    %split/vec4 2;
    %assign/vec4 v0x5da9f61ab900_0, 0;
    %assign/vec4 v0x5da9f61ab740_0, 0;
T_2.2 ;
T_2.1 ;
    %jmp T_2;
    .thread T_2;
    .scope S_0x5da9f615e7b0;
T_3 ;
    %wait E_0x5da9f618cba0;
    %load/vec4 v0x5da9f61ab740_0;
    %pad/u 32;
    %cmpi/e 3, 0, 32;
    %jmp/0xz  T_3.0, 4;
    %load/vec4 v0x5da9f61ab900_0;
    %inv;
    %store/vec4 v0x5da9f61ab9e0_0, 0, 2;
    %pushi/vec4 0, 0, 2;
    %store/vec4 v0x5da9f61ab820_0, 0, 2;
    %jmp T_3.1;
T_3.0 ;
    %load/vec4 v0x5da9f61ab900_0;
    %store/vec4 v0x5da9f61ab9e0_0, 0, 2;
    %load/vec4 v0x5da9f61ab740_0;
    %addi 1, 0, 2;
    %store/vec4 v0x5da9f61ab820_0, 0, 2;
T_3.1 ;
    %jmp T_3;
    .thread T_3, $push;
    .scope S_0x5da9f6169810;
T_4 ;
    %delay 5000, 0;
    %load/vec4 v0x5da9f61ac820_0;
    %inv;
    %store/vec4 v0x5da9f61ac820_0, 0, 1;
    %jmp T_4;
    .thread T_4;
    .scope S_0x5da9f6169810;
T_5 ;
    %vpi_call 2 28 "$dumpfile", "out.vvp" {0 0 0};
    %vpi_call 2 29 "$dumpvars", 32'sb00000000000000000000000000000000, S_0x5da9f6169810 {0 0 0};
    %vpi_call 2 31 "$display", "initialize value [%d]", $time {0 0 0};
    %pushi/vec4 0, 0, 1;
    %assign/vec4 v0x5da9f61ad320_0, 0;
    %pushi/vec4 0, 0, 1;
    %assign/vec4 v0x5da9f61ac820_0, 0;
    %pushi/vec4 0, 0, 1;
    %assign/vec4 v0x5da9f61acb20_0, 0;
    %vpi_func 2 35 "$fopen" 32, "rtl_v.txt", "w" {0 0 0};
    %assign/vec4 v0x5da9f61ac8c0_0, 0;
    %vpi_call 2 37 "$display", "Reset! [%d]", $time {0 0 0};
    %delay 100000, 0;
    %pushi/vec4 1, 0, 1;
    %assign/vec4 v0x5da9f61ad320_0, 0;
    %delay 10000, 0;
    %pushi/vec4 0, 0, 1;
    %assign/vec4 v0x5da9f61ad320_0, 0;
    %delay 10000, 0;
    %wait E_0x5da9f616e270;
    %vpi_call 2 44 "$display", "Start! [%d]", $time {0 0 0};
    %pushi/vec4 1, 0, 1;
    %assign/vec4 v0x5da9f61acb20_0, 0;
    %wait E_0x5da9f616e270;
    %pushi/vec4 0, 0, 1;
    %assign/vec4 v0x5da9f61acb20_0, 0;
T_5.0 ;
    %load/vec4 v0x5da9f61acca0_0;
    %cmpi/ne 1, 0, 1;
    %jmp/0xz T_5.1, 6;
    %wait E_0x5da9f618cb60;
    %jmp T_5.0;
T_5.1 ;
    %delay 100000, 0;
    %vpi_call 2 50 "$display", "Finish! [%d]", $time {0 0 0};
    %vpi_call 2 51 "$fclose", v0x5da9f61ac8c0_0 {0 0 0};
    %vpi_call 2 52 "$finish" {0 0 0};
    %end;
    .thread T_5;
    .scope S_0x5da9f6169810;
T_6 ;
    %wait E_0x5da9f616e270;
    %load/vec4 v0x5da9f61ad320_0;
    %flag_set/vec4 8;
    %jmp/0xz  T_6.0, 8;
    %pushi/vec4 0, 0, 2;
    %assign/vec4 v0x5da9f61ac660_0, 0;
    %jmp T_6.1;
T_6.0 ;
    %load/vec4 v0x5da9f61acf60_0;
    %assign/vec4 v0x5da9f61ac660_0, 0;
T_6.1 ;
    %jmp T_6;
    .thread T_6;
    .scope S_0x5da9f6169810;
T_7 ;
    %wait E_0x5da9f61569b0;
    %pushi/vec4 0, 0, 2;
    %store/vec4 v0x5da9f61acf60_0, 0, 2;
    %load/vec4 v0x5da9f61ac660_0;
    %dup/vec4;
    %pushi/vec4 0, 0, 2;
    %cmp/u;
    %jmp/1 T_7.0, 6;
    %dup/vec4;
    %pushi/vec4 1, 0, 2;
    %cmp/u;
    %jmp/1 T_7.1, 6;
    %dup/vec4;
    %pushi/vec4 2, 0, 2;
    %cmp/u;
    %jmp/1 T_7.2, 6;
    %jmp T_7.3;
T_7.0 ;
    %load/vec4 v0x5da9f61acb20_0;
    %flag_set/vec4 8;
    %jmp/0xz  T_7.4, 8;
    %pushi/vec4 1, 0, 2;
    %store/vec4 v0x5da9f61acf60_0, 0, 2;
T_7.4 ;
    %jmp T_7.3;
T_7.1 ;
    %load/vec4 v0x5da9f61acbe0_0;
    %flag_set/vec4 8;
    %jmp/0xz  T_7.6, 8;
    %pushi/vec4 2, 0, 2;
    %store/vec4 v0x5da9f61acf60_0, 0, 2;
    %jmp T_7.7;
T_7.6 ;
    %pushi/vec4 1, 0, 2;
    %store/vec4 v0x5da9f61acf60_0, 0, 2;
T_7.7 ;
    %jmp T_7.3;
T_7.2 ;
    %pushi/vec4 0, 0, 2;
    %store/vec4 v0x5da9f61acf60_0, 0, 2;
    %jmp T_7.3;
T_7.3 ;
    %pop/vec4 1;
    %jmp T_7;
    .thread T_7, $push;
    .scope S_0x5da9f6169810;
T_8 ;
    %wait E_0x5da9f616e270;
    %load/vec4 v0x5da9f61acf60_0;
    %cmpi/e 1, 0, 2;
    %jmp/0xz  T_8.0, 4;
    %vpi_func 2 97 "$urandom" 32 {0 0 0};
    %pushi/vec4 2, 0, 32;
    %mod;
    %pad/u 1;
    %assign/vec4 v0x5da9f61ad5a0_0, 0;
    %jmp T_8.1;
T_8.0 ;
    %pushi/vec4 0, 0, 1;
    %assign/vec4 v0x5da9f61ad5a0_0, 0;
T_8.1 ;
    %jmp T_8;
    .thread T_8;
    .scope S_0x5da9f6169810;
T_9 ;
    %wait E_0x5da9f616e270;
    %load/vec4 v0x5da9f61ad320_0;
    %flag_set/vec4 8;
    %jmp/0xz  T_9.0, 8;
    %pushi/vec4 0, 0, 32;
    %assign/vec4 v0x5da9f61aca40_0, 0;
    %jmp T_9.1;
T_9.0 ;
    %load/vec4 v0x5da9f61ac980_0;
    %load/vec4 v0x5da9f61acf60_0;
    %pushi/vec4 1, 0, 2;
    %cmp/e;
    %flag_get/vec4 4;
    %and;
    %flag_set/vec4 8;
    %jmp/0xz  T_9.2, 8;
    %load/vec4 v0x5da9f61aca40_0;
    %addi 1, 0, 32;
    %assign/vec4 v0x5da9f61aca40_0, 0;
T_9.2 ;
T_9.1 ;
    %jmp T_9;
    .thread T_9;
    .scope S_0x5da9f6169810;
T_10 ;
    %wait E_0x5da9f616e270;
    %load/vec4 v0x5da9f61ad320_0;
    %flag_set/vec4 8;
    %jmp/0xz  T_10.0, 8;
    %pushi/vec4 0, 0, 2;
    %assign/vec4 v0x5da9f61ac740_0, 0;
    %jmp T_10.1;
T_10.0 ;
    %load/vec4 v0x5da9f61ad000_0;
    %assign/vec4 v0x5da9f61ac740_0, 0;
T_10.1 ;
    %jmp T_10;
    .thread T_10;
    .scope S_0x5da9f6169810;
T_11 ;
    %wait E_0x5da9f616e410;
    %pushi/vec4 0, 0, 2;
    %store/vec4 v0x5da9f61ad000_0, 0, 2;
    %load/vec4 v0x5da9f61ac740_0;
    %dup/vec4;
    %pushi/vec4 0, 0, 2;
    %cmp/u;
    %jmp/1 T_11.0, 6;
    %dup/vec4;
    %pushi/vec4 1, 0, 2;
    %cmp/u;
    %jmp/1 T_11.1, 6;
    %dup/vec4;
    %pushi/vec4 2, 0, 2;
    %cmp/u;
    %jmp/1 T_11.2, 6;
    %jmp T_11.3;
T_11.0 ;
    %load/vec4 v0x5da9f61acb20_0;
    %flag_set/vec4 8;
    %jmp/0xz  T_11.4, 8;
    %pushi/vec4 1, 0, 2;
    %store/vec4 v0x5da9f61ad000_0, 0, 2;
T_11.4 ;
    %jmp T_11.3;
T_11.1 ;
    %load/vec4 v0x5da9f61acca0_0;
    %flag_set/vec4 8;
    %jmp/0xz  T_11.6, 8;
    %pushi/vec4 2, 0, 2;
    %store/vec4 v0x5da9f61ad000_0, 0, 2;
    %jmp T_11.7;
T_11.6 ;
    %pushi/vec4 1, 0, 2;
    %store/vec4 v0x5da9f61ad000_0, 0, 2;
T_11.7 ;
    %jmp T_11.3;
T_11.2 ;
    %pushi/vec4 0, 0, 2;
    %store/vec4 v0x5da9f61ad000_0, 0, 2;
    %jmp T_11.3;
T_11.3 ;
    %pop/vec4 1;
    %jmp T_11;
    .thread T_11, $push;
    .scope S_0x5da9f6169810;
T_12 ;
    %wait E_0x5da9f616e270;
    %load/vec4 v0x5da9f61ad000_0;
    %cmpi/e 1, 0, 2;
    %jmp/0xz  T_12.0, 4;
    %vpi_func 2 149 "$urandom_range" 32, 32'sb00000000000000000000000000000000, 32'sb00000000000000000000000000000001 {0 0 0};
    %pad/u 1;
    %assign/vec4 v0x5da9f61ace20_0, 0;
    %jmp T_12.1;
T_12.0 ;
    %pushi/vec4 0, 0, 1;
    %assign/vec4 v0x5da9f61ace20_0, 0;
T_12.1 ;
    %jmp T_12;
    .thread T_12;
    .scope S_0x5da9f6169810;
T_13 ;
    %wait E_0x5da9f616e270;
    %load/vec4 v0x5da9f61ad320_0;
    %flag_set/vec4 8;
    %jmp/0xz  T_13.0, 8;
    %pushi/vec4 0, 0, 32;
    %assign/vec4 v0x5da9f61ad180_0, 0;
    %jmp T_13.1;
T_13.0 ;
    %load/vec4 v0x5da9f61ad0c0_0;
    %load/vec4 v0x5da9f61ad000_0;
    %pushi/vec4 1, 0, 2;
    %cmp/e;
    %flag_get/vec4 4;
    %and;
    %flag_set/vec4 8;
    %jmp/0xz  T_13.2, 8;
    %load/vec4 v0x5da9f61ad180_0;
    %addi 1, 0, 32;
    %assign/vec4 v0x5da9f61ad180_0, 0;
T_13.2 ;
T_13.1 ;
    %jmp T_13;
    .thread T_13;
    .scope S_0x5da9f6169810;
T_14 ;
    %wait E_0x5da9f616e270;
    %load/vec4 v0x5da9f61ad0c0_0;
    %flag_set/vec4 8;
    %jmp/0xz  T_14.0, 8;
    %vpi_call 2 168 "$fwrite", v0x5da9f61ac8c0_0, "result = %0d\012", v0x5da9f61acd60_0 {0 0 0};
T_14.0 ;
    %jmp T_14;
    .thread T_14;
# The file index is used to find the file name in the following table.
:file_names 4;
    "N/A";
    "<interactive>";
    "tb_sync_fifo.v";
    "sync_fifo.v";
