#! /usr/bin/vvp
:ivl_version "11.0 (stable)";
:ivl_delay_selection "TYPICAL";
:vpi_time_precision + 0;
:vpi_module "/usr/lib/x86_64-linux-gnu/ivl/system.vpi";
:vpi_module "/usr/lib/x86_64-linux-gnu/ivl/vhdl_sys.vpi";
:vpi_module "/usr/lib/x86_64-linux-gnu/ivl/vhdl_textio.vpi";
:vpi_module "/usr/lib/x86_64-linux-gnu/ivl/v2005_math.vpi";
:vpi_module "/usr/lib/x86_64-linux-gnu/ivl/va_math.vpi";
S_0x5fd24ddc19b0 .scope module, "top_filter_2d" "top_filter_2d" 2 1;
 .timescale 0 0;
v0x5fd24de34c00_0 .net "addr", 16 0, L_0x5fd24de49400;  1 drivers
v0x5fd24de34ce0_0 .var "clk", 0 0;
v0x5fd24de34df0_0 .net "cs", 0 0, L_0x5fd24de49170;  1 drivers
v0x5fd24de34ee0_0 .net "din", 7 0, L_0x5fd24dddb780;  1 drivers
v0x5fd24de34fd0_0 .net "dout", 7 0, L_0x5fd24de49720;  1 drivers
v0x5fd24de35110_0 .var/i "fd", 31 0;
v0x5fd24de351f0_0 .net "finish", 0 0, v0x5fd24de33b50_0;  1 drivers
v0x5fd24de35290_0 .var/i "i", 31 0;
v0x5fd24de35350_0 .var/i "j", 31 0;
v0x5fd24de35430_0 .var "reset_n", 0 0;
v0x5fd24de354d0_0 .var "start", 0 0;
v0x5fd24de35570_0 .net "we", 0 0, L_0x5fd24de49280;  1 drivers
S_0x5fd24ddc1cd0 .scope module, "i_buf" "mem_single" 2 32, 3 1 0, S_0x5fd24ddc19b0;
 .timescale 0 0;
    .port_info 0 /INPUT 1 "clk";
    .port_info 1 /INPUT 1 "cs";
    .port_info 2 /INPUT 1 "we";
    .port_info 3 /INPUT 17 "addr";
    .port_info 4 /INPUT 8 "din";
    .port_info 5 /OUTPUT 8 "dout";
P_0x5fd24de008c0 .param/l "DEPTH" 0 3 4, +C4<000000000000000000000000000000000000000000000000000000000000000000000000000000100000000000000000>;
P_0x5fd24de00900 .param/l "WA" 0 3 5, +C4<00000000000000000000000000010001>;
P_0x5fd24de00940 .param/l "WD" 0 3 3, +C4<00000000000000000000000000001000>;
L_0x5fd24de49720 .functor BUFZ 8, L_0x5fd24de49540, C4<00000000>, C4<00000000>, C4<00000000>;
v0x5fd24de03910_0 .net *"_ivl_0", 7 0, L_0x5fd24de49540;  1 drivers
v0x5fd24de06540_0 .net *"_ivl_2", 18 0, L_0x5fd24de495e0;  1 drivers
L_0x70b36e09f9a8 .functor BUFT 1, C4<00>, C4<0>, C4<0>, C4<0>;
v0x5fd24de065e0_0 .net *"_ivl_5", 1 0, L_0x70b36e09f9a8;  1 drivers
v0x5fd24de096b0_0 .net "addr", 16 0, L_0x5fd24de49400;  alias, 1 drivers
v0x5fd24de09d40_0 .var "addr_d", 16 0;
v0x5fd24de09de0_0 .net "clk", 0 0, v0x5fd24de34ce0_0;  1 drivers
v0x5fd24de2ec30_0 .net "cs", 0 0, L_0x5fd24de49170;  alias, 1 drivers
v0x5fd24de2ecf0 .array "data", 0 131071, 7 0;
v0x5fd24de2edb0_0 .net "din", 7 0, L_0x5fd24dddb780;  alias, 1 drivers
v0x5fd24de2ee90_0 .net "dout", 7 0, L_0x5fd24de49720;  alias, 1 drivers
v0x5fd24de2ef70_0 .net "we", 0 0, L_0x5fd24de49280;  alias, 1 drivers
E_0x5fd24ddf1420 .event posedge, v0x5fd24de09de0_0;
L_0x5fd24de49540 .array/port v0x5fd24de2ecf0, L_0x5fd24de495e0;
L_0x5fd24de495e0 .concat [ 17 2 0 0], v0x5fd24de09d40_0, L_0x70b36e09f9a8;
S_0x5fd24ddc1ea0 .scope module, "i_filter" "filter2d" 2 23, 4 1 0, S_0x5fd24ddc19b0;
 .timescale 0 0;
    .port_info 0 /INPUT 1 "clk";
    .port_info 1 /INPUT 1 "reset_n";
    .port_info 2 /INPUT 1 "start";
    .port_info 3 /OUTPUT 1 "finish";
    .port_info 4 /OUTPUT 1 "cs";
    .port_info 5 /OUTPUT 1 "we";
    .port_info 6 /OUTPUT 17 "addr";
    .port_info 7 /OUTPUT 8 "din";
    .port_info 8 /INPUT 8 "dout";
    .port_info 9 /INPUT 1 "h_write";
    .port_info 10 /INPUT 4 "h_idx";
    .port_info 11 /INPUT 8 "h_data";
P_0x5fd24de2f110 .param/l "WIDTH" 0 4 1, +C4<00000000000000000000000100000000>;
L_0x5fd24de03750 .functor AND 1, L_0x5fd24de45740, L_0x5fd24de459f0, C4<1>, C4<1>;
L_0x5fd24de09360 .functor BUFZ 8, L_0x5fd24de45c30, C4<00000000>, C4<00000000>, C4<00000000>;
L_0x5fd24de466e0 .functor AND 1, L_0x5fd24de47cc0, L_0x5fd24de47fe0, C4<1>, C4<1>;
L_0x70b36e09f690 .functor BUFT 1, C4<1>, C4<0>, C4<0>, C4<0>;
L_0x5fd24de09750 .functor XNOR 1, v0x5fd24de34190_0, L_0x70b36e09f690, C4<0>, C4<0>;
L_0x5fd24de09c20 .functor AND 1, L_0x5fd24de466e0, L_0x5fd24de09750, C4<1>, C4<1>;
L_0x5fd24dddb780 .functor BUFZ 8, L_0x5fd24de47a00, C4<00000000>, C4<00000000>, C4<00000000>;
L_0x5fd24de49170 .functor OR 1, L_0x5fd24de09c20, L_0x5fd24de484d0, C4<0>, C4<0>;
L_0x5fd24de49280 .functor BUFZ 1, L_0x5fd24de484d0, C4<0>, C4<0>, C4<0>;
L_0x70b36e09f888 .functor BUFT 1, C4<1>, C4<0>, C4<0>, C4<0>;
L_0x5fd24de49340 .functor XNOR 1, L_0x5fd24de09c20, L_0x70b36e09f888, C4<0>, C4<0>;
v0x5fd24de2f3b0_0 .net *"_ivl_0", 31 0, L_0x5fd24de35610;  1 drivers
v0x5fd24de2f4b0_0 .net *"_ivl_100", 0 0, L_0x5fd24de47cc0;  1 drivers
v0x5fd24de2f570_0 .net *"_ivl_102", 31 0, L_0x5fd24de47ef0;  1 drivers
L_0x70b36e09f600 .functor BUFT 1, C4<0000000000000000000000000000>, C4<0>, C4<0>, C4<0>;
v0x5fd24de2f630_0 .net *"_ivl_105", 27 0, L_0x70b36e09f600;  1 drivers
L_0x70b36e09f648 .functor BUFT 1, C4<00000000000000000000000000001000>, C4<0>, C4<0>, C4<0>;
v0x5fd24de2f710_0 .net/2u *"_ivl_106", 31 0, L_0x70b36e09f648;  1 drivers
v0x5fd24de2f840_0 .net *"_ivl_108", 0 0, L_0x5fd24de47fe0;  1 drivers
L_0x70b36e09f0a8 .functor BUFT 1, C4<0000000000000000000000000000>, C4<0>, C4<0>, C4<0>;
v0x5fd24de2f900_0 .net *"_ivl_11", 27 0, L_0x70b36e09f0a8;  1 drivers
v0x5fd24de2f9e0_0 .net *"_ivl_111", 0 0, L_0x5fd24de466e0;  1 drivers
v0x5fd24de2faa0_0 .net/2u *"_ivl_112", 0 0, L_0x70b36e09f690;  1 drivers
v0x5fd24de2fb80_0 .net *"_ivl_114", 0 0, L_0x5fd24de09750;  1 drivers
v0x5fd24de2fc40_0 .net *"_ivl_118", 31 0, L_0x5fd24de483e0;  1 drivers
L_0x70b36e09f0f0 .functor BUFT 1, C4<00000000000000000000000000001001>, C4<0>, C4<0>, C4<0>;
v0x5fd24de2fd20_0 .net/2u *"_ivl_12", 31 0, L_0x70b36e09f0f0;  1 drivers
L_0x70b36e09f6d8 .functor BUFT 1, C4<0000000000000000000000000000>, C4<0>, C4<0>, C4<0>;
v0x5fd24de2fe00_0 .net *"_ivl_121", 27 0, L_0x70b36e09f6d8;  1 drivers
L_0x70b36e09f720 .functor BUFT 1, C4<00000000000000000000000000001011>, C4<0>, C4<0>, C4<0>;
v0x5fd24de2fee0_0 .net/2u *"_ivl_122", 31 0, L_0x70b36e09f720;  1 drivers
v0x5fd24de2ffc0_0 .net *"_ivl_126", 31 0, L_0x5fd24de48720;  1 drivers
L_0x70b36e09f768 .functor BUFT 1, C4<000000000000000000000000>, C4<0>, C4<0>, C4<0>;
v0x5fd24de300a0_0 .net *"_ivl_129", 23 0, L_0x70b36e09f768;  1 drivers
L_0x70b36e09f7b0 .functor BUFT 1, C4<00000000000000000000000100000000>, C4<0>, C4<0>, C4<0>;
v0x5fd24de30180_0 .net/2u *"_ivl_130", 31 0, L_0x70b36e09f7b0;  1 drivers
v0x5fd24de30260_0 .net *"_ivl_133", 31 0, L_0x5fd24de48840;  1 drivers
v0x5fd24de30340_0 .net *"_ivl_134", 31 0, L_0x5fd24de48ad0;  1 drivers
L_0x70b36e09f7f8 .functor BUFT 1, C4<000000000000000000000000>, C4<0>, C4<0>, C4<0>;
v0x5fd24de30420_0 .net *"_ivl_137", 23 0, L_0x70b36e09f7f8;  1 drivers
v0x5fd24de30500_0 .net *"_ivl_138", 31 0, L_0x5fd24de48bf0;  1 drivers
v0x5fd24de305e0_0 .net *"_ivl_14", 0 0, L_0x5fd24de459f0;  1 drivers
L_0x70b36e09f840 .functor BUFT 1, C4<00000000000000010000000000000000>, C4<0>, C4<0>, C4<0>;
v0x5fd24de306a0_0 .net/2u *"_ivl_140", 31 0, L_0x70b36e09f840;  1 drivers
v0x5fd24de30780_0 .net *"_ivl_142", 31 0, L_0x5fd24de489b0;  1 drivers
v0x5fd24de30860_0 .net/2u *"_ivl_152", 0 0, L_0x70b36e09f888;  1 drivers
v0x5fd24de30940_0 .net *"_ivl_154", 0 0, L_0x5fd24de49340;  1 drivers
v0x5fd24de30a00_0 .net *"_ivl_18", 7 0, L_0x5fd24de45c30;  1 drivers
v0x5fd24de30ae0_0 .net *"_ivl_20", 32 0, L_0x5fd24de45cd0;  1 drivers
L_0x70b36e09f138 .functor BUFT 1, C4<00000000000000000000000000000>, C4<0>, C4<0>, C4<0>;
v0x5fd24de30bc0_0 .net *"_ivl_23", 28 0, L_0x70b36e09f138;  1 drivers
L_0x70b36e09f180 .functor BUFT 1, C4<000000000000000000000000000000010>, C4<0>, C4<0>, C4<0>;
v0x5fd24de30ca0_0 .net/2u *"_ivl_24", 32 0, L_0x70b36e09f180;  1 drivers
v0x5fd24de30d80_0 .net *"_ivl_26", 32 0, L_0x5fd24de45e80;  1 drivers
L_0x70b36e09f018 .functor BUFT 1, C4<0000000000000000000000000000>, C4<0>, C4<0>, C4<0>;
v0x5fd24de30e60_0 .net *"_ivl_3", 27 0, L_0x70b36e09f018;  1 drivers
v0x5fd24de30f40_0 .net *"_ivl_30", 15 0, L_0x5fd24de46060;  1 drivers
L_0x70b36e09f1c8 .functor BUFT 1, C4<00000000>, C4<0>, C4<0>, C4<0>;
v0x5fd24de31230_0 .net *"_ivl_33", 7 0, L_0x70b36e09f1c8;  1 drivers
v0x5fd24de31310_0 .net *"_ivl_34", 15 0, L_0x5fd24de461a0;  1 drivers
L_0x70b36e09f210 .functor BUFT 1, C4<00000000>, C4<0>, C4<0>, C4<0>;
v0x5fd24de313f0_0 .net *"_ivl_37", 7 0, L_0x70b36e09f210;  1 drivers
L_0x70b36e09f060 .functor BUFT 1, C4<00000000000000000000000000000001>, C4<0>, C4<0>, C4<0>;
v0x5fd24de314d0_0 .net/2u *"_ivl_4", 31 0, L_0x70b36e09f060;  1 drivers
v0x5fd24de315b0_0 .net *"_ivl_40", 31 0, L_0x5fd24de46480;  1 drivers
L_0x70b36e09f258 .functor BUFT 1, C4<0000000000000000000000000000>, C4<0>, C4<0>, C4<0>;
v0x5fd24de31690_0 .net *"_ivl_43", 27 0, L_0x70b36e09f258;  1 drivers
L_0x70b36e09f2a0 .functor BUFT 1, C4<00000000000000000000000000000001>, C4<0>, C4<0>, C4<0>;
v0x5fd24de31770_0 .net/2u *"_ivl_44", 31 0, L_0x70b36e09f2a0;  1 drivers
v0x5fd24de31850_0 .net *"_ivl_46", 0 0, L_0x5fd24de46640;  1 drivers
L_0x70b36e09f2e8 .functor BUFT 1, C4<00000000000000000000>, C4<0>, C4<0>, C4<0>;
v0x5fd24de31910_0 .net/2s *"_ivl_48", 19 0, L_0x70b36e09f2e8;  1 drivers
v0x5fd24de319f0_0 .net/s *"_ivl_50", 19 0, L_0x5fd24de46750;  1 drivers
v0x5fd24de31ad0_0 .net/s *"_ivl_52", 19 0, L_0x5fd24de46840;  1 drivers
L_0x70b36e09f330 .functor BUFT 1, C4<00000000000001000000>, C4<0>, C4<0>, C4<0>;
v0x5fd24de31bb0_0 .net/2s *"_ivl_56", 19 0, L_0x70b36e09f330;  1 drivers
v0x5fd24de31c90_0 .net *"_ivl_6", 0 0, L_0x5fd24de45740;  1 drivers
v0x5fd24de31d50_0 .net *"_ivl_62", 31 0, L_0x5fd24de46e00;  1 drivers
L_0x70b36e09f378 .functor BUFT 1, C4<0000000000000000000>, C4<0>, C4<0>, C4<0>;
v0x5fd24de31e30_0 .net *"_ivl_65", 18 0, L_0x70b36e09f378;  1 drivers
L_0x70b36e09f3c0 .functor BUFT 1, C4<00000000000000000000000000000000>, C4<0>, C4<0>, C4<0>;
v0x5fd24de31f10_0 .net/2u *"_ivl_66", 31 0, L_0x70b36e09f3c0;  1 drivers
v0x5fd24de31ff0_0 .net *"_ivl_68", 0 0, L_0x5fd24de46fe0;  1 drivers
L_0x70b36e09f408 .functor BUFT 1, C4<00000000000000000000000000000000>, C4<0>, C4<0>, C4<0>;
v0x5fd24de320b0_0 .net/2u *"_ivl_70", 31 0, L_0x70b36e09f408;  1 drivers
v0x5fd24de32190_0 .net *"_ivl_72", 31 0, L_0x5fd24de47120;  1 drivers
L_0x70b36e09f450 .functor BUFT 1, C4<0000000000000000000>, C4<0>, C4<0>, C4<0>;
v0x5fd24de32270_0 .net *"_ivl_75", 18 0, L_0x70b36e09f450;  1 drivers
L_0x70b36e09f498 .functor BUFT 1, C4<00000000000000000000000011111111>, C4<0>, C4<0>, C4<0>;
v0x5fd24de32350_0 .net/2u *"_ivl_76", 31 0, L_0x70b36e09f498;  1 drivers
v0x5fd24de32430_0 .net *"_ivl_78", 0 0, L_0x5fd24de46ef0;  1 drivers
v0x5fd24de324f0_0 .net *"_ivl_8", 31 0, L_0x5fd24de458b0;  1 drivers
L_0x70b36e09f4e0 .functor BUFT 1, C4<00000000000000000000000011111111>, C4<0>, C4<0>, C4<0>;
v0x5fd24de325d0_0 .net/2u *"_ivl_80", 31 0, L_0x70b36e09f4e0;  1 drivers
v0x5fd24de326b0_0 .net *"_ivl_83", 7 0, L_0x5fd24de47390;  1 drivers
v0x5fd24de32790_0 .net *"_ivl_84", 31 0, L_0x5fd24de474f0;  1 drivers
L_0x70b36e09f528 .functor BUFT 1, C4<000000000000000000000000>, C4<0>, C4<0>, C4<0>;
v0x5fd24de32870_0 .net *"_ivl_87", 23 0, L_0x70b36e09f528;  1 drivers
v0x5fd24de32950_0 .net *"_ivl_88", 31 0, L_0x5fd24de47610;  1 drivers
v0x5fd24de32a30_0 .net *"_ivl_90", 31 0, L_0x5fd24de47870;  1 drivers
v0x5fd24de32b10_0 .net *"_ivl_94", 31 0, L_0x5fd24de47bd0;  1 drivers
L_0x70b36e09f570 .functor BUFT 1, C4<0000000000000000000000000000>, C4<0>, C4<0>, C4<0>;
v0x5fd24de32bf0_0 .net *"_ivl_97", 27 0, L_0x70b36e09f570;  1 drivers
L_0x70b36e09f5b8 .functor BUFT 1, C4<00000000000000000000000000000000>, C4<0>, C4<0>, C4<0>;
v0x5fd24de32cd0_0 .net/2u *"_ivl_98", 31 0, L_0x70b36e09f5b8;  1 drivers
v0x5fd24de331c0_0 .var/s "acc", 19 0;
v0x5fd24de332a0_0 .var "acc_en", 0 0;
v0x5fd24de33360_0 .net/s "acc_in", 19 0, L_0x5fd24de469b0;  1 drivers
v0x5fd24de33440_0 .net "addr", 16 0, L_0x5fd24de49400;  alias, 1 drivers
v0x5fd24de33500_0 .net "clk", 0 0, v0x5fd24de34ce0_0;  alias, 1 drivers
v0x5fd24de335a0_0 .var "cnt", 3 0;
v0x5fd24de33640_0 .var "cnt_x", 7 0;
v0x5fd24de33720_0 .var "cnt_y", 7 0;
v0x5fd24de33800_0 .net/s "coeff", 7 0, L_0x5fd24de09360;  1 drivers
v0x5fd24de338e0_0 .net "cs", 0 0, L_0x5fd24de49170;  alias, 1 drivers
v0x5fd24de339b0_0 .net "din", 7 0, L_0x5fd24dddb780;  alias, 1 drivers
v0x5fd24de33a80_0 .net "dout", 7 0, L_0x5fd24de49720;  alias, 1 drivers
v0x5fd24de33b50_0 .var "finish", 0 0;
v0x5fd24de33bf0 .array/s "h", 8 0, 7 0;
L_0x70b36e09f960 .functor BUFT 1, C4<00000000>, C4<0>, C4<0>, C4<0>;
v0x5fd24de33cb0_0 .net "h_data", 7 0, L_0x70b36e09f960;  1 drivers
L_0x70b36e09f918 .functor BUFT 1, C4<0000>, C4<0>, C4<0>, C4<0>;
v0x5fd24de33d90_0 .net "h_idx", 3 0, L_0x70b36e09f918;  1 drivers
L_0x70b36e09f8d0 .functor BUFT 1, C4<0>, C4<0>, C4<0>, C4<0>;
v0x5fd24de33e70_0 .net "h_write", 0 0, L_0x70b36e09f8d0;  1 drivers
v0x5fd24de33f30_0 .net "mem_rd", 0 0, L_0x5fd24de09c20;  1 drivers
v0x5fd24de33ff0_0 .net "mem_wr", 0 0, L_0x5fd24de484d0;  1 drivers
v0x5fd24de340b0_0 .net/s "mul", 15 0, L_0x5fd24de462e0;  1 drivers
v0x5fd24de34190_0 .var "on_proc", 0 0;
v0x5fd24de34250_0 .var "pd", 7 0;
v0x5fd24de34330_0 .net "pd_en", 0 0, L_0x5fd24de03750;  1 drivers
v0x5fd24de343f0_0 .net "pd_out", 7 0, L_0x5fd24de47a00;  1 drivers
v0x5fd24de344d0_0 .net "pd_rnd", 12 0, L_0x5fd24de46d10;  1 drivers
v0x5fd24de345b0_0 .net "pd_rnd_1", 19 0, L_0x5fd24de46b40;  1 drivers
v0x5fd24de34690_0 .var "rd_addr", 16 0;
v0x5fd24de34770_0 .net "reset_n", 0 0, v0x5fd24de35430_0;  1 drivers
v0x5fd24de34830_0 .net "start", 0 0, v0x5fd24de354d0_0;  1 drivers
v0x5fd24de348f0_0 .net "we", 0 0, L_0x5fd24de49280;  alias, 1 drivers
v0x5fd24de349c0_0 .net "wr_addr", 16 0, L_0x5fd24de48eb0;  1 drivers
E_0x5fd24ddd9f20/0 .event negedge, v0x5fd24de34770_0;
E_0x5fd24ddd9f20/1 .event posedge, v0x5fd24de09de0_0;
E_0x5fd24ddd9f20 .event/or E_0x5fd24ddd9f20/0, E_0x5fd24ddd9f20/1;
E_0x5fd24de12590 .event edge, v0x5fd24de335a0_0, v0x5fd24de33720_0, v0x5fd24de33640_0;
L_0x5fd24de35610 .concat [ 4 28 0 0], v0x5fd24de335a0_0, L_0x70b36e09f018;
L_0x5fd24de45740 .cmp/ge 32, L_0x5fd24de35610, L_0x70b36e09f060;
L_0x5fd24de458b0 .concat [ 4 28 0 0], v0x5fd24de335a0_0, L_0x70b36e09f0a8;
L_0x5fd24de459f0 .cmp/ge 32, L_0x70b36e09f0f0, L_0x5fd24de458b0;
L_0x5fd24de45c30 .array/port v0x5fd24de33bf0, L_0x5fd24de45e80;
L_0x5fd24de45cd0 .concat [ 4 29 0 0], v0x5fd24de335a0_0, L_0x70b36e09f138;
L_0x5fd24de45e80 .arith/sub 33, L_0x5fd24de45cd0, L_0x70b36e09f180;
L_0x5fd24de46060 .concat [ 8 8 0 0], v0x5fd24de34250_0, L_0x70b36e09f1c8;
L_0x5fd24de461a0 .concat [ 8 8 0 0], L_0x5fd24de09360, L_0x70b36e09f210;
L_0x5fd24de462e0 .arith/mult 16, L_0x5fd24de46060, L_0x5fd24de461a0;
L_0x5fd24de46480 .concat [ 4 28 0 0], v0x5fd24de335a0_0, L_0x70b36e09f258;
L_0x5fd24de46640 .cmp/eq 32, L_0x5fd24de46480, L_0x70b36e09f2a0;
L_0x5fd24de46750 .extend/s 20, L_0x5fd24de462e0;
L_0x5fd24de46840 .arith/sum 20, L_0x5fd24de46750, v0x5fd24de331c0_0;
L_0x5fd24de469b0 .functor MUXZ 20, L_0x5fd24de46840, L_0x70b36e09f2e8, L_0x5fd24de46640, C4<>;
L_0x5fd24de46b40 .arith/sum 20, v0x5fd24de331c0_0, L_0x70b36e09f330;
L_0x5fd24de46d10 .part L_0x5fd24de46b40, 7, 13;
L_0x5fd24de46e00 .concat [ 13 19 0 0], L_0x5fd24de46d10, L_0x70b36e09f378;
L_0x5fd24de46fe0 .cmp/gt 32, L_0x70b36e09f3c0, L_0x5fd24de46e00;
L_0x5fd24de47120 .concat [ 13 19 0 0], L_0x5fd24de46d10, L_0x70b36e09f450;
L_0x5fd24de46ef0 .cmp/gt 32, L_0x5fd24de47120, L_0x70b36e09f498;
L_0x5fd24de47390 .part L_0x5fd24de46d10, 0, 8;
L_0x5fd24de474f0 .concat [ 8 24 0 0], L_0x5fd24de47390, L_0x70b36e09f528;
L_0x5fd24de47610 .functor MUXZ 32, L_0x5fd24de474f0, L_0x70b36e09f4e0, L_0x5fd24de46ef0, C4<>;
L_0x5fd24de47870 .functor MUXZ 32, L_0x5fd24de47610, L_0x70b36e09f408, L_0x5fd24de46fe0, C4<>;
L_0x5fd24de47a00 .part L_0x5fd24de47870, 0, 8;
L_0x5fd24de47bd0 .concat [ 4 28 0 0], v0x5fd24de335a0_0, L_0x70b36e09f570;
L_0x5fd24de47cc0 .cmp/ge 32, L_0x5fd24de47bd0, L_0x70b36e09f5b8;
L_0x5fd24de47ef0 .concat [ 4 28 0 0], v0x5fd24de335a0_0, L_0x70b36e09f600;
L_0x5fd24de47fe0 .cmp/ge 32, L_0x70b36e09f648, L_0x5fd24de47ef0;
L_0x5fd24de483e0 .concat [ 4 28 0 0], v0x5fd24de335a0_0, L_0x70b36e09f6d8;
L_0x5fd24de484d0 .cmp/eq 32, L_0x5fd24de483e0, L_0x70b36e09f720;
L_0x5fd24de48720 .concat [ 8 24 0 0], v0x5fd24de33720_0, L_0x70b36e09f768;
L_0x5fd24de48840 .arith/mult 32, L_0x5fd24de48720, L_0x70b36e09f7b0;
L_0x5fd24de48ad0 .concat [ 8 24 0 0], v0x5fd24de33640_0, L_0x70b36e09f7f8;
L_0x5fd24de48bf0 .arith/sum 32, L_0x5fd24de48840, L_0x5fd24de48ad0;
L_0x5fd24de489b0 .arith/sum 32, L_0x5fd24de48bf0, L_0x70b36e09f840;
L_0x5fd24de48eb0 .part L_0x5fd24de489b0, 0, 17;
L_0x5fd24de49400 .functor MUXZ 17, L_0x5fd24de48eb0, v0x5fd24de34690_0, L_0x5fd24de49340, C4<>;
    .scope S_0x5fd24ddc1ea0;
T_0 ;
    %wait E_0x5fd24ddd9f20;
    %load/vec4 v0x5fd24de34770_0;
    %inv;
    %flag_set/vec4 8;
    %jmp/0xz  T_0.0, 8;
    %pushi/vec4 8, 0, 8;
    %ix/load 3, 0, 0;
    %flag_set/imm 4, 0;
    %ix/load 4, 0, 0; Constant delay
    %assign/vec4/a/d v0x5fd24de33bf0, 0, 4;
    %pushi/vec4 16, 0, 8;
    %ix/load 3, 1, 0;
    %flag_set/imm 4, 0;
    %ix/load 4, 0, 0; Constant delay
    %assign/vec4/a/d v0x5fd24de33bf0, 0, 4;
    %pushi/vec4 8, 0, 8;
    %ix/load 3, 2, 0;
    %flag_set/imm 4, 0;
    %ix/load 4, 0, 0; Constant delay
    %assign/vec4/a/d v0x5fd24de33bf0, 0, 4;
    %pushi/vec4 16, 0, 8;
    %ix/load 3, 3, 0;
    %flag_set/imm 4, 0;
    %ix/load 4, 0, 0; Constant delay
    %assign/vec4/a/d v0x5fd24de33bf0, 0, 4;
    %pushi/vec4 32, 0, 8;
    %ix/load 3, 4, 0;
    %flag_set/imm 4, 0;
    %ix/load 4, 0, 0; Constant delay
    %assign/vec4/a/d v0x5fd24de33bf0, 0, 4;
    %pushi/vec4 16, 0, 8;
    %ix/load 3, 5, 0;
    %flag_set/imm 4, 0;
    %ix/load 4, 0, 0; Constant delay
    %assign/vec4/a/d v0x5fd24de33bf0, 0, 4;
    %pushi/vec4 8, 0, 8;
    %ix/load 3, 6, 0;
    %flag_set/imm 4, 0;
    %ix/load 4, 0, 0; Constant delay
    %assign/vec4/a/d v0x5fd24de33bf0, 0, 4;
    %pushi/vec4 16, 0, 8;
    %ix/load 3, 7, 0;
    %flag_set/imm 4, 0;
    %ix/load 4, 0, 0; Constant delay
    %assign/vec4/a/d v0x5fd24de33bf0, 0, 4;
    %pushi/vec4 8, 0, 8;
    %ix/load 3, 8, 0;
    %flag_set/imm 4, 0;
    %ix/load 4, 0, 0; Constant delay
    %assign/vec4/a/d v0x5fd24de33bf0, 0, 4;
    %jmp T_0.1;
T_0.0 ;
    %load/vec4 v0x5fd24de33e70_0;
    %flag_set/vec4 8;
    %jmp/0xz  T_0.2, 8;
    %load/vec4 v0x5fd24de33cb0_0;
    %load/vec4 v0x5fd24de33d90_0;
    %pad/u 5;
    %ix/vec4 3;
    %ix/load 4, 0, 0; Constant delay
    %assign/vec4/a/d v0x5fd24de33bf0, 0, 4;
T_0.2 ;
T_0.1 ;
    %jmp T_0;
    .thread T_0;
    .scope S_0x5fd24ddc1ea0;
T_1 ;
    %wait E_0x5fd24ddd9f20;
    %load/vec4 v0x5fd24de34770_0;
    %inv;
    %flag_set/vec4 8;
    %jmp/0xz  T_1.0, 8;
    %pushi/vec4 0, 0, 1;
    %assign/vec4 v0x5fd24de34190_0, 0;
    %pushi/vec4 0, 0, 4;
    %assign/vec4 v0x5fd24de335a0_0, 0;
    %pushi/vec4 0, 0, 8;
    %assign/vec4 v0x5fd24de33640_0, 0;
    %pushi/vec4 0, 0, 8;
    %assign/vec4 v0x5fd24de33720_0, 0;
    %pushi/vec4 0, 0, 1;
    %assign/vec4 v0x5fd24de33b50_0, 0;
    %jmp T_1.1;
T_1.0 ;
    %load/vec4 v0x5fd24de34830_0;
    %flag_set/vec4 8;
    %jmp/0xz  T_1.2, 8;
    %pushi/vec4 1, 0, 1;
    %assign/vec4 v0x5fd24de34190_0, 0;
    %jmp T_1.3;
T_1.2 ;
    %load/vec4 v0x5fd24de335a0_0;
    %pad/u 32;
    %pushi/vec4 11, 0, 32;
    %cmp/e;
    %flag_get/vec4 4;
    %load/vec4 v0x5fd24de33640_0;
    %pad/u 32;
    %pushi/vec4 255, 0, 32;
    %cmp/e;
    %flag_get/vec4 4;
    %and;
    %load/vec4 v0x5fd24de33720_0;
    %pad/u 32;
    %pushi/vec4 255, 0, 32;
    %cmp/e;
    %flag_get/vec4 4;
    %and;
    %flag_set/vec4 8;
    %jmp/0xz  T_1.4, 8;
    %pushi/vec4 0, 0, 1;
    %assign/vec4 v0x5fd24de34190_0, 0;
T_1.4 ;
T_1.3 ;
    %load/vec4 v0x5fd24de34190_0;
    %flag_set/vec4 8;
    %jmp/0xz  T_1.6, 8;
    %load/vec4 v0x5fd24de335a0_0;
    %pad/u 32;
    %cmpi/e 11, 0, 32;
    %flag_mov 8, 4;
    %jmp/0 T_1.8, 8;
    %pushi/vec4 0, 0, 4;
    %jmp/1 T_1.9, 8;
T_1.8 ; End of true expr.
    %load/vec4 v0x5fd24de335a0_0;
    %addi 1, 0, 4;
    %jmp/0 T_1.9, 8;
 ; End of false expr.
    %blend;
T_1.9;
    %assign/vec4 v0x5fd24de335a0_0, 0;
    %load/vec4 v0x5fd24de335a0_0;
    %pad/u 32;
    %cmpi/e 11, 0, 32;
    %jmp/0xz  T_1.10, 4;
    %load/vec4 v0x5fd24de33640_0;
    %pad/u 32;
    %cmpi/e 255, 0, 32;
    %flag_mov 8, 4;
    %jmp/0 T_1.12, 8;
    %pushi/vec4 0, 0, 8;
    %jmp/1 T_1.13, 8;
T_1.12 ; End of true expr.
    %load/vec4 v0x5fd24de33640_0;
    %addi 1, 0, 8;
    %jmp/0 T_1.13, 8;
 ; End of false expr.
    %blend;
T_1.13;
    %assign/vec4 v0x5fd24de33640_0, 0;
    %load/vec4 v0x5fd24de33640_0;
    %pad/u 32;
    %cmpi/e 255, 0, 32;
    %jmp/0xz  T_1.14, 4;
    %load/vec4 v0x5fd24de33720_0;
    %pad/u 32;
    %cmpi/e 255, 0, 32;
    %flag_mov 8, 4;
    %jmp/0 T_1.16, 8;
    %pushi/vec4 0, 0, 8;
    %jmp/1 T_1.17, 8;
T_1.16 ; End of true expr.
    %load/vec4 v0x5fd24de33720_0;
    %addi 1, 0, 8;
    %jmp/0 T_1.17, 8;
 ; End of false expr.
    %blend;
T_1.17;
    %assign/vec4 v0x5fd24de33720_0, 0;
T_1.14 ;
T_1.10 ;
T_1.6 ;
    %load/vec4 v0x5fd24de335a0_0;
    %pad/u 32;
    %pushi/vec4 11, 0, 32;
    %cmp/e;
    %flag_get/vec4 4;
    %load/vec4 v0x5fd24de33640_0;
    %pad/u 32;
    %pushi/vec4 255, 0, 32;
    %cmp/e;
    %flag_get/vec4 4;
    %and;
    %load/vec4 v0x5fd24de33720_0;
    %pad/u 32;
    %pushi/vec4 255, 0, 32;
    %cmp/e;
    %flag_get/vec4 4;
    %and;
    %assign/vec4 v0x5fd24de33b50_0, 0;
T_1.1 ;
    %jmp T_1;
    .thread T_1;
    .scope S_0x5fd24ddc1ea0;
T_2 ;
    %wait E_0x5fd24de12590;
    %load/vec4 v0x5fd24de335a0_0;
    %dup/vec4;
    %pushi/vec4 0, 0, 4;
    %cmp/u;
    %jmp/1 T_2.0, 6;
    %dup/vec4;
    %pushi/vec4 1, 0, 4;
    %cmp/u;
    %jmp/1 T_2.1, 6;
    %dup/vec4;
    %pushi/vec4 2, 0, 4;
    %cmp/u;
    %jmp/1 T_2.2, 6;
    %dup/vec4;
    %pushi/vec4 3, 0, 4;
    %cmp/u;
    %jmp/1 T_2.3, 6;
    %dup/vec4;
    %pushi/vec4 4, 0, 4;
    %cmp/u;
    %jmp/1 T_2.4, 6;
    %dup/vec4;
    %pushi/vec4 5, 0, 4;
    %cmp/u;
    %jmp/1 T_2.5, 6;
    %dup/vec4;
    %pushi/vec4 6, 0, 4;
    %cmp/u;
    %jmp/1 T_2.6, 6;
    %dup/vec4;
    %pushi/vec4 7, 0, 4;
    %cmp/u;
    %jmp/1 T_2.7, 6;
    %dup/vec4;
    %pushi/vec4 8, 0, 4;
    %cmp/u;
    %jmp/1 T_2.8, 6;
    %pushi/vec4 0, 0, 17;
    %store/vec4 v0x5fd24de34690_0, 0, 17;
    %jmp T_2.10;
T_2.0 ;
    %load/vec4 v0x5fd24de33720_0;
    %pad/u 32;
    %subi 1, 0, 32;
    %muli 256, 0, 32;
    %load/vec4 v0x5fd24de33640_0;
    %pad/u 32;
    %add;
    %subi 1, 0, 32;
    %pad/u 17;
    %store/vec4 v0x5fd24de34690_0, 0, 17;
    %jmp T_2.10;
T_2.1 ;
    %load/vec4 v0x5fd24de33720_0;
    %pad/u 32;
    %subi 1, 0, 32;
    %muli 256, 0, 32;
    %load/vec4 v0x5fd24de33640_0;
    %pad/u 32;
    %add;
    %pad/u 17;
    %store/vec4 v0x5fd24de34690_0, 0, 17;
    %jmp T_2.10;
T_2.2 ;
    %load/vec4 v0x5fd24de33720_0;
    %pad/u 32;
    %subi 1, 0, 32;
    %muli 256, 0, 32;
    %load/vec4 v0x5fd24de33640_0;
    %pad/u 32;
    %add;
    %addi 1, 0, 32;
    %pad/u 17;
    %store/vec4 v0x5fd24de34690_0, 0, 17;
    %jmp T_2.10;
T_2.3 ;
    %load/vec4 v0x5fd24de33720_0;
    %pad/u 32;
    %muli 256, 0, 32;
    %load/vec4 v0x5fd24de33640_0;
    %pad/u 32;
    %add;
    %subi 1, 0, 32;
    %pad/u 17;
    %store/vec4 v0x5fd24de34690_0, 0, 17;
    %jmp T_2.10;
T_2.4 ;
    %load/vec4 v0x5fd24de33720_0;
    %pad/u 32;
    %muli 256, 0, 32;
    %load/vec4 v0x5fd24de33640_0;
    %pad/u 32;
    %add;
    %pad/u 17;
    %store/vec4 v0x5fd24de34690_0, 0, 17;
    %jmp T_2.10;
T_2.5 ;
    %load/vec4 v0x5fd24de33720_0;
    %pad/u 32;
    %muli 256, 0, 32;
    %load/vec4 v0x5fd24de33640_0;
    %pad/u 32;
    %add;
    %addi 1, 0, 32;
    %pad/u 17;
    %store/vec4 v0x5fd24de34690_0, 0, 17;
    %jmp T_2.10;
T_2.6 ;
    %load/vec4 v0x5fd24de33720_0;
    %pad/u 32;
    %addi 1, 0, 32;
    %muli 256, 0, 32;
    %load/vec4 v0x5fd24de33640_0;
    %pad/u 32;
    %add;
    %subi 1, 0, 32;
    %pad/u 17;
    %store/vec4 v0x5fd24de34690_0, 0, 17;
    %jmp T_2.10;
T_2.7 ;
    %load/vec4 v0x5fd24de33720_0;
    %pad/u 32;
    %addi 1, 0, 32;
    %muli 256, 0, 32;
    %load/vec4 v0x5fd24de33640_0;
    %pad/u 32;
    %add;
    %pad/u 17;
    %store/vec4 v0x5fd24de34690_0, 0, 17;
    %jmp T_2.10;
T_2.8 ;
    %load/vec4 v0x5fd24de33720_0;
    %pad/u 32;
    %addi 1, 0, 32;
    %muli 256, 0, 32;
    %load/vec4 v0x5fd24de33640_0;
    %pad/u 32;
    %add;
    %addi 1, 0, 32;
    %pad/u 17;
    %store/vec4 v0x5fd24de34690_0, 0, 17;
    %jmp T_2.10;
T_2.10 ;
    %pop/vec4 1;
    %jmp T_2;
    .thread T_2, $push;
    .scope S_0x5fd24ddc1ea0;
T_3 ;
    %wait E_0x5fd24ddd9f20;
    %load/vec4 v0x5fd24de34770_0;
    %inv;
    %flag_set/vec4 8;
    %jmp/0xz  T_3.0, 8;
    %pushi/vec4 0, 0, 8;
    %assign/vec4 v0x5fd24de34250_0, 0;
    %jmp T_3.1;
T_3.0 ;
    %load/vec4 v0x5fd24de34330_0;
    %flag_set/vec4 8;
    %jmp/0xz  T_3.2, 8;
    %load/vec4 v0x5fd24de33a80_0;
    %assign/vec4 v0x5fd24de34250_0, 0;
T_3.2 ;
T_3.1 ;
    %jmp T_3;
    .thread T_3;
    .scope S_0x5fd24ddc1ea0;
T_4 ;
    %wait E_0x5fd24de12590;
    %pushi/vec4 0, 0, 1;
    %store/vec4 v0x5fd24de332a0_0, 0, 1;
    %load/vec4 v0x5fd24de335a0_0;
    %dup/vec4;
    %pushi/vec4 1, 0, 4;
    %cmp/u;
    %jmp/1 T_4.0, 6;
    %dup/vec4;
    %pushi/vec4 2, 0, 4;
    %cmp/u;
    %jmp/1 T_4.1, 6;
    %dup/vec4;
    %pushi/vec4 3, 0, 4;
    %cmp/u;
    %jmp/1 T_4.2, 6;
    %dup/vec4;
    %pushi/vec4 4, 0, 4;
    %cmp/u;
    %jmp/1 T_4.3, 6;
    %dup/vec4;
    %pushi/vec4 5, 0, 4;
    %cmp/u;
    %jmp/1 T_4.4, 6;
    %dup/vec4;
    %pushi/vec4 6, 0, 4;
    %cmp/u;
    %jmp/1 T_4.5, 6;
    %dup/vec4;
    %pushi/vec4 7, 0, 4;
    %cmp/u;
    %jmp/1 T_4.6, 6;
    %dup/vec4;
    %pushi/vec4 8, 0, 4;
    %cmp/u;
    %jmp/1 T_4.7, 6;
    %dup/vec4;
    %pushi/vec4 9, 0, 4;
    %cmp/u;
    %jmp/1 T_4.8, 6;
    %dup/vec4;
    %pushi/vec4 10, 0, 4;
    %cmp/u;
    %jmp/1 T_4.9, 6;
    %pushi/vec4 0, 0, 1;
    %store/vec4 v0x5fd24de332a0_0, 0, 1;
    %jmp T_4.11;
T_4.0 ;
    %pushi/vec4 1, 0, 1;
    %store/vec4 v0x5fd24de332a0_0, 0, 1;
    %jmp T_4.11;
T_4.1 ;
    %pushi/vec4 0, 0, 32;
    %load/vec4 v0x5fd24de33720_0;
    %pad/u 32;
    %cmp/u;
    %flag_get/vec4 5;
    %pushi/vec4 0, 0, 32;
    %load/vec4 v0x5fd24de33640_0;
    %pad/u 32;
    %cmp/u;
    %flag_get/vec4 5;
    %and;
    %flag_set/vec4 8;
    %jmp/0xz  T_4.12, 8;
    %pushi/vec4 1, 0, 1;
    %store/vec4 v0x5fd24de332a0_0, 0, 1;
T_4.12 ;
    %jmp T_4.11;
T_4.2 ;
    %load/vec4 v0x5fd24de33720_0;
    %pad/u 32;
    %cmpi/u 0, 0, 32;
    %flag_or 5, 4; GT is !LE
    %flag_inv 5;
    %jmp/0xz  T_4.14, 5;
    %pushi/vec4 1, 0, 1;
    %store/vec4 v0x5fd24de332a0_0, 0, 1;
T_4.14 ;
    %jmp T_4.11;
T_4.3 ;
    %pushi/vec4 0, 0, 32;
    %load/vec4 v0x5fd24de33720_0;
    %pad/u 32;
    %cmp/u;
    %flag_get/vec4 5;
    %load/vec4 v0x5fd24de33640_0;
    %pad/u 32;
    %cmpi/u 255, 0, 32;
    %flag_get/vec4 5;
    %and;
    %flag_set/vec4 8;
    %jmp/0xz  T_4.16, 8;
    %pushi/vec4 1, 0, 1;
    %store/vec4 v0x5fd24de332a0_0, 0, 1;
T_4.16 ;
    %jmp T_4.11;
T_4.4 ;
    %load/vec4 v0x5fd24de33640_0;
    %pad/u 32;
    %cmpi/u 0, 0, 32;
    %flag_or 5, 4; GT is !LE
    %flag_inv 5;
    %jmp/0xz  T_4.18, 5;
    %pushi/vec4 1, 0, 1;
    %store/vec4 v0x5fd24de332a0_0, 0, 1;
T_4.18 ;
    %jmp T_4.11;
T_4.5 ;
    %pushi/vec4 1, 0, 1;
    %store/vec4 v0x5fd24de332a0_0, 0, 1;
    %jmp T_4.11;
T_4.6 ;
    %load/vec4 v0x5fd24de33640_0;
    %pad/u 32;
    %cmpi/u 255, 0, 32;
    %jmp/0xz  T_4.20, 5;
    %pushi/vec4 1, 0, 1;
    %store/vec4 v0x5fd24de332a0_0, 0, 1;
T_4.20 ;
    %jmp T_4.11;
T_4.7 ;
    %load/vec4 v0x5fd24de33720_0;
    %pad/u 32;
    %cmpi/u 255, 0, 32;
    %flag_get/vec4 5;
    %pushi/vec4 0, 0, 32;
    %load/vec4 v0x5fd24de33640_0;
    %pad/u 32;
    %cmp/u;
    %flag_get/vec4 5;
    %and;
    %flag_set/vec4 8;
    %jmp/0xz  T_4.22, 8;
    %pushi/vec4 1, 0, 1;
    %store/vec4 v0x5fd24de332a0_0, 0, 1;
T_4.22 ;
    %jmp T_4.11;
T_4.8 ;
    %load/vec4 v0x5fd24de33720_0;
    %pad/u 32;
    %cmpi/u 255, 0, 32;
    %jmp/0xz  T_4.24, 5;
    %pushi/vec4 1, 0, 1;
    %store/vec4 v0x5fd24de332a0_0, 0, 1;
T_4.24 ;
    %jmp T_4.11;
T_4.9 ;
    %load/vec4 v0x5fd24de33720_0;
    %pad/u 32;
    %cmpi/u 255, 0, 32;
    %flag_get/vec4 5;
    %load/vec4 v0x5fd24de33640_0;
    %pad/u 32;
    %cmpi/u 255, 0, 32;
    %flag_get/vec4 5;
    %and;
    %flag_set/vec4 8;
    %jmp/0xz  T_4.26, 8;
    %pushi/vec4 1, 0, 1;
    %store/vec4 v0x5fd24de332a0_0, 0, 1;
T_4.26 ;
    %jmp T_4.11;
T_4.11 ;
    %pop/vec4 1;
    %jmp T_4;
    .thread T_4, $push;
    .scope S_0x5fd24ddc1ea0;
T_5 ;
    %wait E_0x5fd24ddd9f20;
    %load/vec4 v0x5fd24de34770_0;
    %inv;
    %flag_set/vec4 8;
    %jmp/0xz  T_5.0, 8;
    %pushi/vec4 0, 0, 20;
    %assign/vec4 v0x5fd24de331c0_0, 0;
    %jmp T_5.1;
T_5.0 ;
    %load/vec4 v0x5fd24de332a0_0;
    %flag_set/vec4 8;
    %jmp/0xz  T_5.2, 8;
    %load/vec4 v0x5fd24de33360_0;
    %assign/vec4 v0x5fd24de331c0_0, 0;
T_5.2 ;
T_5.1 ;
    %jmp T_5;
    .thread T_5;
    .scope S_0x5fd24ddc1cd0;
T_6 ;
    %wait E_0x5fd24ddf1420;
    %load/vec4 v0x5fd24de2ec30_0;
    %flag_set/vec4 8;
    %jmp/0xz  T_6.0, 8;
    %load/vec4 v0x5fd24de2ef70_0;
    %flag_set/vec4 8;
    %jmp/0xz  T_6.2, 8;
    %load/vec4 v0x5fd24de2edb0_0;
    %load/vec4 v0x5fd24de096b0_0;
    %pad/u 19;
    %ix/vec4 3;
    %ix/load 4, 0, 0; Constant delay
    %assign/vec4/a/d v0x5fd24de2ecf0, 0, 4;
T_6.2 ;
    %load/vec4 v0x5fd24de096b0_0;
    %assign/vec4 v0x5fd24de09d40_0, 0;
T_6.0 ;
    %jmp T_6;
    .thread T_6;
    .scope S_0x5fd24ddc19b0;
T_7 ;
    %pushi/vec4 0, 0, 1;
    %store/vec4 v0x5fd24de34ce0_0, 0, 1;
    %end;
    .thread T_7;
    .scope S_0x5fd24ddc19b0;
T_8 ;
    %delay 5, 0;
    %load/vec4 v0x5fd24de34ce0_0;
    %inv;
    %store/vec4 v0x5fd24de34ce0_0, 0, 1;
    %jmp T_8;
    .thread T_8;
    .scope S_0x5fd24ddc19b0;
T_9 ;
    %pushi/vec4 1, 0, 1;
    %store/vec4 v0x5fd24de35430_0, 0, 1;
    %vpi_call 2 16 "$readmemh", "img_in.dat", v0x5fd24de2ecf0 {0 0 0};
    %delay 3, 0;
    %pushi/vec4 0, 0, 1;
    %store/vec4 v0x5fd24de35430_0, 0, 1;
    %delay 20, 0;
    %pushi/vec4 1, 0, 1;
    %store/vec4 v0x5fd24de35430_0, 0, 1;
    %wait E_0x5fd24ddf1420;
    %wait E_0x5fd24ddf1420;
    %wait E_0x5fd24ddf1420;
    %pushi/vec4 1, 0, 1;
    %store/vec4 v0x5fd24de354d0_0, 0, 1;
    %wait E_0x5fd24ddf1420;
    %pushi/vec4 0, 0, 1;
    %store/vec4 v0x5fd24de354d0_0, 0, 1;
    %end;
    .thread T_9;
    .scope S_0x5fd24ddc19b0;
T_10 ;
    %wait E_0x5fd24ddf1420;
    %load/vec4 v0x5fd24de351f0_0;
    %flag_set/vec4 8;
    %jmp/0xz  T_10.0, 8;
    %vpi_func 2 43 "$fopen" 32, "img_out.dat", "w" {0 0 0};
    %store/vec4 v0x5fd24de35110_0, 0, 32;
    %pushi/vec4 0, 0, 32;
    %store/vec4 v0x5fd24de35290_0, 0, 32;
T_10.2 ;
    %load/vec4 v0x5fd24de35290_0;
    %cmpi/s 256, 0, 32;
    %jmp/0xz T_10.3, 5;
    %pushi/vec4 0, 0, 32;
    %store/vec4 v0x5fd24de35350_0, 0, 32;
T_10.4 ;
    %load/vec4 v0x5fd24de35350_0;
    %cmpi/s 256, 0, 32;
    %jmp/0xz T_10.5, 5;
    %load/vec4 v0x5fd24de35290_0;
    %pad/s 66;
    %muli 256, 0, 66;
    %load/vec4 v0x5fd24de35350_0;
    %pad/s 66;
    %add;
    %addi 65536, 0, 66;
    %ix/vec4/s 4;
    %load/vec4a v0x5fd24de2ecf0, 4;
    %vpi_call 2 46 "$fwrite", v0x5fd24de35110_0, "%3d ", S<0,vec4,u8> {1 0 0};
    ; show_stmt_assign_vector: Get l-value for compressed += operand
    %load/vec4 v0x5fd24de35350_0;
    %pushi/vec4 1, 0, 32;
    %add;
    %store/vec4 v0x5fd24de35350_0, 0, 32;
    %jmp T_10.4;
T_10.5 ;
    %vpi_call 2 47 "$fwrite", "\012" {0 0 0};
    ; show_stmt_assign_vector: Get l-value for compressed += operand
    %load/vec4 v0x5fd24de35290_0;
    %pushi/vec4 1, 0, 32;
    %add;
    %store/vec4 v0x5fd24de35290_0, 0, 32;
    %jmp T_10.2;
T_10.3 ;
    %vpi_call 2 49 "$fclose", v0x5fd24de35110_0 {0 0 0};
    %vpi_call 2 50 "$finish" {0 0 0};
T_10.0 ;
    %jmp T_10;
    .thread T_10;
# The file index is used to find the file name in the following table.
:file_names 5;
    "N/A";
    "<interactive>";
    "tb_filter2d.sv";
    "SRAM.v";
    "filter2d.v";
